Cleaning stats:
* video IDs in the list:
  120000
* files:
  119909 total
  6203 too short (<3 lines)
  3984 not enough ja characters (<0.7 characters of the corresponding charset)
  8118 not enough detected ja (<0.95)
  101604 valid files after cleaning
* sequences removed from valid files:
  29428 tags
* lines in valid files:
  18415309 total lines
  2 whitespace-only lines
  37549 lines composed of non-ja characters
  18377758 valid lines after cleaning
* VTT cue cleanup:
  14013329 total cues
  84379 empty cues
  31488 repeated cues
  18241 scrolling cues

Duplicate (similarity >= 0.95) stats:
  101604 total
  944 duplicates removed
  100660 valid files

[unidic-lite]
[unidic-310]
[unidic-lite] --form base --pos
[unidic-lite] --form lemma --pos
[unidic-310] --form base --pos
[unidic-310] --form lemma --pos
[unidic-lite]
[unidic-310]
Frequency counting stats:
 165785571 tokens counted
 250712 replacements for <cc_desc>
 106 replacements for <email>
 2678 replacements for <censored>
 1285 replacements for <web>
 536 replacements for <handle>

[unidic-lite] --form base --pos
Frequency counting stats:
 165932178 tokens counted
 250712 replacements for <cc_desc>
 106 replacements for <email>
 2678 replacements for <censored>
 1285 replacements for <web>
 536 replacements for <handle>

[unidic-lite] --form lemma --pos
Frequency counting stats:
 165937400 tokens counted
 250712 replacements for <cc_desc>
 106 replacements for <email>
 2678 replacements for <censored>
 1285 replacements for <web>
 536 replacements for <handle>

[unidic-310] --form base --pos
Frequency counting stats:
 165784855 tokens counted
 250712 replacements for <cc_desc>
 106 replacements for <email>
 2678 replacements for <censored>
 1285 replacements for <web>
 536 replacements for <handle>

[unidic-310] --form lemma --pos
